c:\src\nbcc\2ndyear_term_winter\comprehensivedevelopmentproject\project\escape-from-castro\escapefromcastro\escapefromcastro\x64\debug\vc143.pdb
c:\src\nbcc\2ndyear_term_winter\comprehensivedevelopmentproject\project\escape-from-castro\escapefromcastro\escapefromcastro\x64\debug\vc143.idb
c:\src\nbcc\2ndyear_term_winter\comprehensivedevelopmentproject\project\escape-from-castro\escapefromcastro\escapefromcastro\x64\debug\utilities.obj
c:\src\nbcc\2ndyear_term_winter\comprehensivedevelopmentproject\project\escape-from-castro\escapefromcastro\escapefromcastro\x64\debug\source.obj
c:\src\nbcc\2ndyear_term_winter\comprehensivedevelopmentproject\project\escape-from-castro\escapefromcastro\escapefromcastro\x64\debug\soundplayer.obj
c:\src\nbcc\2ndyear_term_winter\comprehensivedevelopmentproject\project\escape-from-castro\escapefromcastro\escapefromcastro\x64\debug\scene_menu.obj
c:\src\nbcc\2ndyear_term_winter\comprehensivedevelopmentproject\project\escape-from-castro\escapefromcastro\escapefromcastro\x64\debug\scene_cuba.obj
c:\src\nbcc\2ndyear_term_winter\comprehensivedevelopmentproject\project\escape-from-castro\escapefromcastro\escapefromcastro\x64\debug\scene.obj
c:\src\nbcc\2ndyear_term_winter\comprehensivedevelopmentproject\project\escape-from-castro\escapefromcastro\escapefromcastro\x64\debug\physics.obj
c:\src\nbcc\2ndyear_term_winter\comprehensivedevelopmentproject\project\escape-from-castro\escapefromcastro\escapefromcastro\x64\debug\musicplayer.obj
c:\src\nbcc\2ndyear_term_winter\comprehensivedevelopmentproject\project\escape-from-castro\escapefromcastro\escapefromcastro\x64\debug\gameengine.obj
c:\src\nbcc\2ndyear_term_winter\comprehensivedevelopmentproject\project\escape-from-castro\escapefromcastro\escapefromcastro\x64\debug\entitymanager.obj
c:\src\nbcc\2ndyear_term_winter\comprehensivedevelopmentproject\project\escape-from-castro\escapefromcastro\escapefromcastro\x64\debug\entity.obj
c:\src\nbcc\2ndyear_term_winter\comprehensivedevelopmentproject\project\escape-from-castro\escapefromcastro\escapefromcastro\x64\debug\components.obj
c:\src\nbcc\2ndyear_term_winter\comprehensivedevelopmentproject\project\escape-from-castro\escapefromcastro\escapefromcastro\x64\debug\command.obj
c:\src\nbcc\2ndyear_term_winter\comprehensivedevelopmentproject\project\escape-from-castro\escapefromcastro\escapefromcastro\x64\debug\assets.obj
c:\src\nbcc\2ndyear_term_winter\comprehensivedevelopmentproject\project\escape-from-castro\escapefromcastro\escapefromcastro\x64\debug\animation.obj
c:\src\nbcc\2ndyear_term_winter\comprehensivedevelopmentproject\project\escape-from-castro\escapefromcastro\escapefromcastro\x64\debug\scene_bermuda.obj
c:\src\nbcc\2ndyear_term_winter\comprehensivedevelopmentproject\project\escape-from-castro\escapefromcastro\escapefromcastro\x64\debug\scene_loading.obj
c:\src\nbcc\2ndyear_term_winter\comprehensivedevelopmentproject\project\escape-from-castro\escapefromcastro\escapefromcastro\x64\debug\scene_usa.obj
c:\src\nbcc\2ndyear_term_winter\comprehensivedevelopmentproject\project\escape-from-castro\escapefromcastro\x64\debug\escapefromcastro.exe
c:\src\nbcc\2ndyear_term_winter\comprehensivedevelopmentproject\project\escape-from-castro\escapefromcastro\x64\debug\escapefromcastro.pdb
c:\src\nbcc\2ndyear_term_winter\comprehensivedevelopmentproject\project\escape-from-castro\escapefromcastro\escapefromcastro\x64\debug\escapefromcastro.ilk
c:\src\nbcc\2ndyear_term_winter\comprehensivedevelopmentproject\project\escape-from-castro\escapefromcastro\escapefromcastro\x64\debug\scene_miami.obj
c:\src\nbcc\2ndyear_term_winter\comprehensivedevelopmentproject\project\escape-from-castro\escapefromcastro\escapefromcastro\x64\debug\gameengine.obj.enc
c:\src\nbcc\2ndyear_term_winter\comprehensivedevelopmentproject\project\escape-from-castro\escapefromcastro\escapefromcastro\x64\debug\musicplayer.obj.enc
c:\src\nbcc\2ndyear_term_winter\comprehensivedevelopmentproject\project\escape-from-castro\escapefromcastro\escapefromcastro\x64\debug\scene_cuba.obj.enc
c:\src\nbcc\2ndyear_term_winter\comprehensivedevelopmentproject\project\escape-from-castro\escapefromcastro\escapefromcastro\x64\debug\scene_loading.obj.enc
c:\src\nbcc\2ndyear_term_winter\comprehensivedevelopmentproject\project\escape-from-castro\escapefromcastro\escapefromcastro\x64\debug\escapefromcastro.tlog\cl.command.1.tlog
c:\src\nbcc\2ndyear_term_winter\comprehensivedevelopmentproject\project\escape-from-castro\escapefromcastro\escapefromcastro\x64\debug\escapefromcastro.tlog\cl.items.tlog
c:\src\nbcc\2ndyear_term_winter\comprehensivedevelopmentproject\project\escape-from-castro\escapefromcastro\escapefromcastro\x64\debug\escapefromcastro.tlog\cl.read.1.tlog
c:\src\nbcc\2ndyear_term_winter\comprehensivedevelopmentproject\project\escape-from-castro\escapefromcastro\escapefromcastro\x64\debug\escapefromcastro.tlog\cl.write.1.tlog
c:\src\nbcc\2ndyear_term_winter\comprehensivedevelopmentproject\project\escape-from-castro\escapefromcastro\escapefromcastro\x64\debug\escapefromcastro.tlog\link.command.1.tlog
c:\src\nbcc\2ndyear_term_winter\comprehensivedevelopmentproject\project\escape-from-castro\escapefromcastro\escapefromcastro\x64\debug\escapefromcastro.tlog\link.read.1.tlog
c:\src\nbcc\2ndyear_term_winter\comprehensivedevelopmentproject\project\escape-from-castro\escapefromcastro\escapefromcastro\x64\debug\escapefromcastro.tlog\link.secondary.1.tlog
c:\src\nbcc\2ndyear_term_winter\comprehensivedevelopmentproject\project\escape-from-castro\escapefromcastro\escapefromcastro\x64\debug\escapefromcastro.tlog\link.write.1.tlog
